Called with args:
Namespace(cfg_file='experiments/cfgs/config.yml', gpu_id=0, imdb_name='basketball_train', max_iters=1000, pretrained_model='output/faster_rcnn_end2end/train/basketballDet_iter_3000.caffemodel', randomize=False, set_cfgs=None, solver='models/basketball/solver.prototxt')
Using config:
{'DATA_DIR': '/home/ubuntu/py-faster-rcnn/data',
 'DEDUP_BOXES': 0.0625,
 'EPS': 1e-14,
 'EXP_DIR': 'faster_rcnn_end2end',
 'GPU_ID': 0,
 'MATLAB': 'matlab',
 'MODELS_DIR': '/home/ubuntu/py-faster-rcnn/models/pascal_voc',
 'PIXEL_MEANS': array([[[ 102.9801,  115.9465,  122.7717]]]),
 'RNG_SEED': 3,
 'ROOT_DIR': '/home/ubuntu/py-faster-rcnn',
 'TEST': {'BBOX_REG': True,
          'HAS_RPN': True,
          'MAX_SIZE': 1000,
          'NMS': 0.3,
          'PROPOSAL_METHOD': 'selective_search',
          'RPN_MIN_SIZE': 16,
          'RPN_NMS_THRESH': 0.7,
          'RPN_POST_NMS_TOP_N': 300,
          'RPN_PRE_NMS_TOP_N': 6000,
          'SCALES': [600],
          'SVM': False},
 'TRAIN': {'ASPECT_GROUPING': True,
           'BATCH_SIZE': 128,
           'BBOX_INSIDE_WEIGHTS': [1.0, 1.0, 1.0, 1.0],
           'BBOX_NORMALIZE_MEANS': [0.0, 0.0, 0.0, 0.0],
           'BBOX_NORMALIZE_STDS': [0.1, 0.1, 0.2, 0.2],
           'BBOX_NORMALIZE_TARGETS': True,
           'BBOX_NORMALIZE_TARGETS_PRECOMPUTED': True,
           'BBOX_REG': True,
           'BBOX_THRESH': 0.5,
           'BG_THRESH_HI': 0.5,
           'BG_THRESH_LO': 0.0,
           'FG_FRACTION': 0.25,
           'FG_THRESH': 0.5,
           'HAS_RPN': True,
           'IMS_PER_BATCH': 1,
           'MAX_SIZE': 1000,
           'PROPOSAL_METHOD': 'gt',
           'RPN_BATCHSIZE': 256,
           'RPN_BBOX_INSIDE_WEIGHTS': [1.0, 1.0, 1.0, 1.0],
           'RPN_CLOBBER_POSITIVES': False,
           'RPN_FG_FRACTION': 0.5,
           'RPN_MIN_SIZE': 16,
           'RPN_NEGATIVE_OVERLAP': 0.3,
           'RPN_NMS_THRESH': 0.7,
           'RPN_POSITIVE_OVERLAP': 0.7,
           'RPN_POSITIVE_WEIGHT': -1.0,
           'RPN_POST_NMS_TOP_N': 2000,
           'RPN_PRE_NMS_TOP_N': 12000,
           'SCALES': [600],
           'SNAPSHOT_INFIX': '',
           'SNAPSHOT_ITERS': 3000,
           'USE_FLIPPED': True,
           'USE_PREFETCH': False},
 'USE_GPU_NMS': True}
Loaded dataset `train` for training
Set proposal method: gt
Appending horizontally-flipped training examples...
train gt roidb loaded from /home/ubuntu/py-faster-rcnn/data/cache/train_gt_roidb.pkl
done
Preparing training data...
done
1398 roidb entries
Output will be saved to `/home/ubuntu/py-faster-rcnn/output/faster_rcnn_end2end/train`
Filtered 0 roidb entries: 1398 -> 1398
Computing bounding-box regression targets...
bbox target means:
[[ 0.  0.  0.  0.]
 [ 0.  0.  0.  0.]]
[ 0.  0.  0.  0.]
bbox target stdevs:
[[ 0.1  0.1  0.2  0.2]
 [ 0.1  0.1  0.2  0.2]]
[ 0.1  0.1  0.2  0.2]
Normalizing targets
done
WARNING: Logging before InitGoogleLogging() is written to STDERR
I0109 14:50:43.178494  4725 solver.cpp:48] Initializing solver from parameters:
train_net: "models/basketball/train.prototxt"
base_lr: 0.001
display: 20
lr_policy: "step"
gamma: 0.1
momentum: 0.9
weight_decay: 0.0005
stepsize: 3000
snapshot: 0
snapshot_prefix: "basketballDet"
average_loss: 100
iter_size: 2
I0109 14:50:43.178551  4725 solver.cpp:81] Creating training net from train_net file: models/basketball/train.prototxt
I0109 14:50:43.179126  4725 net.cpp:49] Initializing net from parameters:
name: "ZF"
state {
  phase: TRAIN
}
layer {
  name: "input-data"
  type: "Python"
  top: "data"
  top: "im_info"
  top: "gt_boxes"
  python_param {
    module: "roi_data_layer.layer"
    layer: "RoIDataLayer"
    param_str: "\'num_classes\': 2"
  }
}
layer {
  name: "conv1"
  type: "Convolution"
  bottom: "data"
  top: "conv1"
  param {
    lr_mult: 1
  }
  param {
    lr_mult: 2
  }
  convolution_param {
    num_output: 96
    pad: 3
    kernel_size: 7
    stride: 2
  }
}
layer {
  name: "relu1"
  type: "ReLU"
  bottom: "conv1"
  top: "conv1"
}
layer {
  name: "norm1"
  type: "LRN"
  bottom: "conv1"
  top: "norm1"
  lrn_param {
    local_size: 3
    alpha: 5e-05
    beta: 0.75
    norm_region: WITHIN_CHANNEL
    engine: CAFFE
  }
}
layer {
  name: "pool1"
  type: "Pooling"
  bottom: "norm1"
  top: "pool1"
  pooling_param {
    pool: MAX
    kernel_size: 3
    stride: 2
    pad: 1
  }
}
layer {
  name: "conv2"
  type: "Convolution"
  bottom: "pool1"
  top: "conv2"
  param {
    lr_mult: 1
  }
  param {
    lr_mult: 2
  }
  convolution_param {
    num_output: 256
    pad: 2
    kernel_size: 5
    stride: 2
  }
}
layer {
  name: "relu2"
  type: "ReLU"
  bottom: "conv2"
  top: "conv2"
}
layer {
  name: "norm2"
  type: "LRN"
  bottom: "conv2"
  top: "norm2"
  lrn_param {
    local_size: 3
    alpha: 5e-05
    beta: 0.75
    norm_region: WITHIN_CHANNEL
    engine: CAFFE
  }
}
layer {
  name: "pool2"
  type: "Pooling"
  bottom: "norm2"
  top: "pool2"
  pooling_param {
    pool: MAX
    kernel_size: 3
    stride: 2
    pad: 1
  }
}
layer {
  name: "conv3"
  type: "Convolution"
  bottom: "pool2"
  top: "conv3"
  param {
    lr_mult: 1
  }
  param {
    lr_mult: 2
  }
  convolution_param {
    num_output: 384
    pad: 1
    kernel_size: 3
    stride: 1
  }
}
layer {
  name: "relu3"
  type: "ReLU"
  bottom: "conv3"
  top: "conv3"
}
layer {
  name: "conv4"
  type: "Convolution"
  bottom: "conv3"
  top: "conv4"
  param {
    lr_mult: 1
  }
  param {
    lr_mult: 2
  }
  convolution_param {
    num_output: 384
    pad: 1
    kernel_size: 3
    stride: 1
  }
}
layer {
  name: "relu4"
  type: "ReLU"
  bottom: "conv4"
  top: "conv4"
}
layer {
  name: "conv5"
  type: "Convolution"
  bottom: "conv4"
  top: "conv5"
  param {
    lr_mult: 1
  }
  param {
    lr_mult: 2
  }
  convolution_param {
    num_output: 256
    pad: 1
    kernel_size: 3
    stride: 1
  }
}
layer {
  name: "relu5"
  type: "ReLU"
  bottom: "conv5"
  top: "conv5"
}
layer {
  name: "rpn_conv/3x3"
  type: "Convolution"
  bottom: "conv5"
  top: "rpn/output"
  param {
    lr_mult: 1
  }
  param {
    lr_mult: 2
  }
  convolution_param {
    num_output: 256
    pad: 1
    kernel_size: 3
    stride: 1
    weight_filler {
      type: "gaussian"
      std: 0.01
    }
    bias_filler {
      type: "constant"
      value: 0
    }
  }
}
layer {
  name: "rpn_relu/3x3"
  type: "ReLU"
  bottom: "rpn/output"
  top: "rpn/output"
}
layer {
  name: "rpn_cls_score"
  type: "Convolution"
  bottom: "rpn/output"
  top: "rpn_cls_score"
  param {
    lr_mult: 1
  }
  param {
    lr_mult: 2
  }
  convolution_param {
    num_output: 18
    pad: 0
    kernel_size: 1
    stride: 1
    weight_filler {
      type: "gaussian"
      std: 0.01
    }
    bias_filler {
      type: "constant"
      value: 0
    }
  }
}
layer {
  name: "rpn_bbox_pred"
  type: "Convolution"
  bottom: "rpn/output"
  top: "rpn_bbox_pred"
  param {
    lr_mult: 1
  }
  param {
    lr_mult: 2
  }
  convolution_param {
    num_output: 36
    pad: 0
    kernel_size: 1
    stride: 1
    weight_filler {
      type: "gaussian"
      std: 0.01
    }
    bias_filler {
      type: "constant"
      value: 0
    }
  }
}
layer {
  name: "rpn_cls_score_reshape"
  type: "Reshape"
  bottom: "rpn_cls_score"
  top: "rpn_cls_score_reshape"
  reshape_param {
    shape {
      dim: 0
      dim: 2
      dim: -1
      dim: 0
    }
  }
}
layer {
  name: "rpn-data"
  type: "Python"
  bottom: "rpn_cls_score"
  bottom: "gt_boxes"
  bottom: "im_info"
  bottom: "data"
  top: "rpn_labels"
  top: "rpn_bbox_targets"
  top: "rpn_bbox_inside_weights"
  top: "rpn_bbox_outside_weights"
  python_param {
    module: "rpn.anchor_target_layer"
    layer: "AnchorTargetLayer"
    param_str: "\'feat_stride\': 16"
  }
}
layer {
  name: "rpn_loss_cls"
  type: "SoftmaxWithLoss"
  bottom: "rpn_cls_score_reshape"
  bottom: "rpn_labels"
  top: "rpn_cls_loss"
  loss_weight: 1
  propagate_down: true
  propagate_down: false
  loss_param {
    ignore_label: -1
    normalize: true
  }
}
layer {
  name: "rpn_loss_bbox"
  type: "SmoothL1Loss"
  bottom: "rpn_bbox_pred"
  bottom: "rpn_bbox_targets"
  bottom: "rpn_bbox_inside_weights"
  bottom: "rpn_bbox_outside_weights"
  top: "rpn_loss_bbox"
  loss_weight: 1
  smooth_l1_loss_param {
    sigma: 3
  }
}
layer {
  name: "rpn_cls_prob"
  type: "Softmax"
  bottom: "rpn_cls_score_reshape"
  top: "rpn_cls_prob"
}
layer {
  name: "rpn_cls_prob_reshape"
  type: "Reshape"
  bottom: "rpn_cls_prob"
  top: "rpn_cls_prob_reshape"
  reshape_param {
    shape {
      dim: 0
      dim: 18
      dim: -1
      dim: 0
    }
  }
}
layer {
  name: "proposal"
  type: "Python"
  bottom: "rpn_cls_prob_reshape"
  bottom: "rpn_bbox_pred"
  bottom: "im_info"
  top: "rpn_rois"
  python_param {
    module: "rpn.proposal_layer"
    layer: "ProposalLayer"
    param_str: "\'feat_stride\': 16"
  }
}
layer {
  name: "roi-data"
  type: "Python"
  bottom: "rpn_rois"
  bottom: "gt_boxes"
  top: "rois"
  top: "labels"
  top: "bbox_targets"
  top: "bbox_inside_weights"
  top: "bbox_outside_weights"
  python_param {
    module: "rpn.proposal_target_layer"
    layer: "ProposalTargetLayer"
    param_str: "\'num_classes\': 2"
  }
}
layer {
  name: "roi_pool_conv5"
  type: "ROIPooling"
  bottom: "conv5"
  bottom: "rois"
  top: "roi_pool_conv5"
  roi_pooling_param {
    pooled_h: 6
    pooled_w: 6
    spatial_scale: 0.0625
  }
}
layer {
  name: "fc6"
  type: "InnerProduct"
  bottom: "roi_pool_conv5"
  top: "fc6"
  param {
    lr_mult: 1
  }
  param {
    lr_mult: 2
  }
  inner_product_param {
    num_output: 4096
  }
}
layer {
  name: "relu6"
  type: "ReLU"
  bottom: "fc6"
  top: "fc6"
}
layer {
  name: "drop6"
  type: "Dropout"
  bottom: "fc6"
  top: "fc6"
  dropout_param {
    dropout_ratio: 0.5
    scale_train: false
  }
}
layer {
  name: "fc7"
  type: "InnerProduct"
  bottom: "fc6"
  top: "fc7"
  param {
    lr_mult: 1
  }
  param {
    lr_mult: 2
  }
  inner_product_param {
    num_output: 4096
  }
}
layer {
  name: "relu7"
  type: "ReLU"
  bottom: "fc7"
  top: "fc7"
}
layer {
  name: "drop7"
  type: "Dropout"
  bottom: "fc7"
  top: "fc7"
  dropout_param {
    dropout_ratio: 0.5
    scale_train: false
  }
}
layer {
  name: "cls_score_basketball"
  type: "InnerProduct"
  bottom: "fc7"
  top: "cls_score"
  param {
    lr_mult: 1
  }
  param {
    lr_mult: 2
  }
  inner_product_param {
    num_output: 2
    weight_filler {
      type: "gaussian"
      std: 0.01
    }
    bias_filler {
      type: "constant"
      value: 0
    }
  }
}
layer {
  name: "bbox_pred_basketball"
  type: "InnerProduct"
  bottom: "fc7"
  top: "bbox_pred"
  param {
    lr_mult: 1
  }
  param {
    lr_mult: 2
  }
  inner_product_param {
    num_output: 8
    weight_filler {
      type: "gaussian"
      std: 0.001
    }
    bias_filler {
      type: "constant"
      value: 0
    }
  }
}
layer {
  name: "loss_cls"
  type: "SoftmaxWithLoss"
  bottom: "cls_score"
  bottom: "labels"
  top: "cls_loss"
  loss_weight: 1
  propagate_down: true
  propagate_down: false
  loss_param {
    ignore_label: -1
    normalize: true
  }
}
layer {
  name: "loss_bbox"
  type: "SmoothL1Loss"
  bottom: "bbox_pred"
  bottom: "bbox_targets"
  bottom: "bbox_inside_weights"
  bottom: "bbox_outside_weights"
  top: "bbox_loss"
  loss_weight: 1
}
I0109 14:50:43.179631  4725 layer_factory.hpp:77] Creating layer input-data
I0109 14:50:43.218876  4725 net.cpp:106] Creating Layer input-data
I0109 14:50:43.218907  4725 net.cpp:411] input-data -> data
I0109 14:50:43.218924  4725 net.cpp:411] input-data -> im_info
I0109 14:50:43.218935  4725 net.cpp:411] input-data -> gt_boxes
RoiDataLayer: name_to_top: {'gt_boxes': 2, 'data': 0, 'im_info': 1}
I0109 14:50:43.230233  4725 net.cpp:150] Setting up input-data
I0109 14:50:43.230262  4725 net.cpp:157] Top shape: 1 3 600 1000 (1800000)
I0109 14:50:43.230269  4725 net.cpp:157] Top shape: 1 3 (3)
I0109 14:50:43.230273  4725 net.cpp:157] Top shape: 1 4 (4)
I0109 14:50:43.230276  4725 net.cpp:165] Memory required for data: 7200028
I0109 14:50:43.230281  4725 layer_factory.hpp:77] Creating layer data_input-data_0_split
I0109 14:50:43.230306  4725 net.cpp:106] Creating Layer data_input-data_0_split
I0109 14:50:43.230327  4725 net.cpp:454] data_input-data_0_split <- data
I0109 14:50:43.230339  4725 net.cpp:411] data_input-data_0_split -> data_input-data_0_split_0
I0109 14:50:43.230346  4725 net.cpp:411] data_input-data_0_split -> data_input-data_0_split_1
I0109 14:50:43.230401  4725 net.cpp:150] Setting up data_input-data_0_split
I0109 14:50:43.230424  4725 net.cpp:157] Top shape: 1 3 600 1000 (1800000)
I0109 14:50:43.230432  4725 net.cpp:157] Top shape: 1 3 600 1000 (1800000)
I0109 14:50:43.230434  4725 net.cpp:165] Memory required for data: 21600028
I0109 14:50:43.230450  4725 layer_factory.hpp:77] Creating layer im_info_input-data_1_split
I0109 14:50:43.230461  4725 net.cpp:106] Creating Layer im_info_input-data_1_split
I0109 14:50:43.230479  4725 net.cpp:454] im_info_input-data_1_split <- im_info
I0109 14:50:43.230492  4725 net.cpp:411] im_info_input-data_1_split -> im_info_input-data_1_split_0
I0109 14:50:43.230502  4725 net.cpp:411] im_info_input-data_1_split -> im_info_input-data_1_split_1
I0109 14:50:43.230553  4725 net.cpp:150] Setting up im_info_input-data_1_split
I0109 14:50:43.230576  4725 net.cpp:157] Top shape: 1 3 (3)
I0109 14:50:43.230583  4725 net.cpp:157] Top shape: 1 3 (3)
I0109 14:50:43.230587  4725 net.cpp:165] Memory required for data: 21600052
I0109 14:50:43.230589  4725 layer_factory.hpp:77] Creating layer gt_boxes_input-data_2_split
I0109 14:50:43.230598  4725 net.cpp:106] Creating Layer gt_boxes_input-data_2_split
I0109 14:50:43.230613  4725 net.cpp:454] gt_boxes_input-data_2_split <- gt_boxes
I0109 14:50:43.230628  4725 net.cpp:411] gt_boxes_input-data_2_split -> gt_boxes_input-data_2_split_0
I0109 14:50:43.230636  4725 net.cpp:411] gt_boxes_input-data_2_split -> gt_boxes_input-data_2_split_1
I0109 14:50:43.230689  4725 net.cpp:150] Setting up gt_boxes_input-data_2_split
I0109 14:50:43.230711  4725 net.cpp:157] Top shape: 1 4 (4)
I0109 14:50:43.230720  4725 net.cpp:157] Top shape: 1 4 (4)
I0109 14:50:43.230721  4725 net.cpp:165] Memory required for data: 21600084
I0109 14:50:43.230726  4725 layer_factory.hpp:77] Creating layer conv1
I0109 14:50:43.230743  4725 net.cpp:106] Creating Layer conv1
I0109 14:50:43.230760  4725 net.cpp:454] conv1 <- data_input-data_0_split_0
I0109 14:50:43.230772  4725 net.cpp:411] conv1 -> conv1
I0109 14:50:43.232458  4725 net.cpp:150] Setting up conv1
I0109 14:50:43.232484  4725 net.cpp:157] Top shape: 1 96 300 500 (14400000)
I0109 14:50:43.232491  4725 net.cpp:165] Memory required for data: 79200084
I0109 14:50:43.232518  4725 layer_factory.hpp:77] Creating layer relu1
I0109 14:50:43.232542  4725 net.cpp:106] Creating Layer relu1
I0109 14:50:43.232563  4725 net.cpp:454] relu1 <- conv1
I0109 14:50:43.232587  4725 net.cpp:397] relu1 -> conv1 (in-place)
I0109 14:50:43.232612  4725 net.cpp:150] Setting up relu1
I0109 14:50:43.232635  4725 net.cpp:157] Top shape: 1 96 300 500 (14400000)
I0109 14:50:43.232641  4725 net.cpp:165] Memory required for data: 136800084
I0109 14:50:43.232645  4725 layer_factory.hpp:77] Creating layer norm1
I0109 14:50:43.232655  4725 net.cpp:106] Creating Layer norm1
I0109 14:50:43.232671  4725 net.cpp:454] norm1 <- conv1
I0109 14:50:43.232683  4725 net.cpp:411] norm1 -> norm1
I0109 14:50:43.232785  4725 net.cpp:150] Setting up norm1
I0109 14:50:43.232805  4725 net.cpp:157] Top shape: 1 96 300 500 (14400000)
I0109 14:50:43.232811  4725 net.cpp:165] Memory required for data: 194400084
I0109 14:50:43.232815  4725 layer_factory.hpp:77] Creating layer pool1
I0109 14:50:43.232826  4725 net.cpp:106] Creating Layer pool1
I0109 14:50:43.232832  4725 net.cpp:454] pool1 <- norm1
I0109 14:50:43.232837  4725 net.cpp:411] pool1 -> pool1
I0109 14:50:43.232873  4725 net.cpp:150] Setting up pool1
I0109 14:50:43.232892  4725 net.cpp:157] Top shape: 1 96 151 251 (3638496)
I0109 14:50:43.232898  4725 net.cpp:165] Memory required for data: 208954068
I0109 14:50:43.232902  4725 layer_factory.hpp:77] Creating layer conv2
I0109 14:50:43.232913  4725 net.cpp:106] Creating Layer conv2
I0109 14:50:43.232930  4725 net.cpp:454] conv2 <- pool1
I0109 14:50:43.232944  4725 net.cpp:411] conv2 -> conv2
I0109 14:50:43.234882  4725 net.cpp:150] Setting up conv2
I0109 14:50:43.234908  4725 net.cpp:157] Top shape: 1 256 76 126 (2451456)
I0109 14:50:43.234915  4725 net.cpp:165] Memory required for data: 218759892
I0109 14:50:43.234936  4725 layer_factory.hpp:77] Creating layer relu2
I0109 14:50:43.234956  4725 net.cpp:106] Creating Layer relu2
I0109 14:50:43.234982  4725 net.cpp:454] relu2 <- conv2
I0109 14:50:43.235004  4725 net.cpp:397] relu2 -> conv2 (in-place)
I0109 14:50:43.235028  4725 net.cpp:150] Setting up relu2
I0109 14:50:43.235049  4725 net.cpp:157] Top shape: 1 256 76 126 (2451456)
I0109 14:50:43.235056  4725 net.cpp:165] Memory required for data: 228565716
I0109 14:50:43.235059  4725 layer_factory.hpp:77] Creating layer norm2
I0109 14:50:43.235069  4725 net.cpp:106] Creating Layer norm2
I0109 14:50:43.235085  4725 net.cpp:454] norm2 <- conv2
I0109 14:50:43.235100  4725 net.cpp:411] norm2 -> norm2
I0109 14:50:43.235188  4725 net.cpp:150] Setting up norm2
I0109 14:50:43.235230  4725 net.cpp:157] Top shape: 1 256 76 126 (2451456)
I0109 14:50:43.235239  4725 net.cpp:165] Memory required for data: 238371540
I0109 14:50:43.235242  4725 layer_factory.hpp:77] Creating layer pool2
I0109 14:50:43.235252  4725 net.cpp:106] Creating Layer pool2
I0109 14:50:43.235268  4725 net.cpp:454] pool2 <- norm2
I0109 14:50:43.235280  4725 net.cpp:411] pool2 -> pool2
I0109 14:50:43.235330  4725 net.cpp:150] Setting up pool2
I0109 14:50:43.235354  4725 net.cpp:157] Top shape: 1 256 39 64 (638976)
I0109 14:50:43.235360  4725 net.cpp:165] Memory required for data: 240927444
I0109 14:50:43.235363  4725 layer_factory.hpp:77] Creating layer conv3
I0109 14:50:43.235374  4725 net.cpp:106] Creating Layer conv3
I0109 14:50:43.235389  4725 net.cpp:454] conv3 <- pool2
I0109 14:50:43.235404  4725 net.cpp:411] conv3 -> conv3
I0109 14:50:43.239323  4725 net.cpp:150] Setting up conv3
I0109 14:50:43.239349  4725 net.cpp:157] Top shape: 1 384 39 64 (958464)
I0109 14:50:43.239356  4725 net.cpp:165] Memory required for data: 244761300
I0109 14:50:43.239368  4725 layer_factory.hpp:77] Creating layer relu3
I0109 14:50:43.239375  4725 net.cpp:106] Creating Layer relu3
I0109 14:50:43.239387  4725 net.cpp:454] relu3 <- conv3
I0109 14:50:43.239405  4725 net.cpp:397] relu3 -> conv3 (in-place)
I0109 14:50:43.239413  4725 net.cpp:150] Setting up relu3
I0109 14:50:43.239418  4725 net.cpp:157] Top shape: 1 384 39 64 (958464)
I0109 14:50:43.239420  4725 net.cpp:165] Memory required for data: 248595156
I0109 14:50:43.239423  4725 layer_factory.hpp:77] Creating layer conv4
I0109 14:50:43.239431  4725 net.cpp:106] Creating Layer conv4
I0109 14:50:43.239434  4725 net.cpp:454] conv4 <- conv3
I0109 14:50:43.239441  4725 net.cpp:411] conv4 -> conv4
I0109 14:50:43.243242  4725 net.cpp:150] Setting up conv4
I0109 14:50:43.243273  4725 net.cpp:157] Top shape: 1 384 39 64 (958464)
I0109 14:50:43.243278  4725 net.cpp:165] Memory required for data: 252429012
I0109 14:50:43.243286  4725 layer_factory.hpp:77] Creating layer relu4
I0109 14:50:43.243294  4725 net.cpp:106] Creating Layer relu4
I0109 14:50:43.243299  4725 net.cpp:454] relu4 <- conv4
I0109 14:50:43.243304  4725 net.cpp:397] relu4 -> conv4 (in-place)
I0109 14:50:43.243312  4725 net.cpp:150] Setting up relu4
I0109 14:50:43.243320  4725 net.cpp:157] Top shape: 1 384 39 64 (958464)
I0109 14:50:43.243324  4725 net.cpp:165] Memory required for data: 256262868
I0109 14:50:43.243326  4725 layer_factory.hpp:77] Creating layer conv5
I0109 14:50:43.243340  4725 net.cpp:106] Creating Layer conv5
I0109 14:50:43.243343  4725 net.cpp:454] conv5 <- conv4
I0109 14:50:43.243348  4725 net.cpp:411] conv5 -> conv5
I0109 14:50:43.246011  4725 net.cpp:150] Setting up conv5
I0109 14:50:43.246040  4725 net.cpp:157] Top shape: 1 256 39 64 (638976)
I0109 14:50:43.246047  4725 net.cpp:165] Memory required for data: 258818772
I0109 14:50:43.246069  4725 layer_factory.hpp:77] Creating layer relu5
I0109 14:50:43.246095  4725 net.cpp:106] Creating Layer relu5
I0109 14:50:43.246111  4725 net.cpp:454] relu5 <- conv5
I0109 14:50:43.246130  4725 net.cpp:397] relu5 -> conv5 (in-place)
I0109 14:50:43.246141  4725 net.cpp:150] Setting up relu5
I0109 14:50:43.246160  4725 net.cpp:157] Top shape: 1 256 39 64 (638976)
I0109 14:50:43.246167  4725 net.cpp:165] Memory required for data: 261374676
I0109 14:50:43.246171  4725 layer_factory.hpp:77] Creating layer conv5_relu5_0_split
I0109 14:50:43.246194  4725 net.cpp:106] Creating Layer conv5_relu5_0_split
I0109 14:50:43.246213  4725 net.cpp:454] conv5_relu5_0_split <- conv5
I0109 14:50:43.246227  4725 net.cpp:411] conv5_relu5_0_split -> conv5_relu5_0_split_0
I0109 14:50:43.246246  4725 net.cpp:411] conv5_relu5_0_split -> conv5_relu5_0_split_1
I0109 14:50:43.246290  4725 net.cpp:150] Setting up conv5_relu5_0_split
I0109 14:50:43.246311  4725 net.cpp:157] Top shape: 1 256 39 64 (638976)
I0109 14:50:43.246318  4725 net.cpp:157] Top shape: 1 256 39 64 (638976)
I0109 14:50:43.246321  4725 net.cpp:165] Memory required for data: 266486484
I0109 14:50:43.246336  4725 layer_factory.hpp:77] Creating layer rpn_conv/3x3
I0109 14:50:43.246373  4725 net.cpp:106] Creating Layer rpn_conv/3x3
I0109 14:50:43.246385  4725 net.cpp:454] rpn_conv/3x3 <- conv5_relu5_0_split_0
I0109 14:50:43.246394  4725 net.cpp:411] rpn_conv/3x3 -> rpn/output
I0109 14:50:43.253675  4725 net.cpp:150] Setting up rpn_conv/3x3
I0109 14:50:43.253706  4725 net.cpp:157] Top shape: 1 256 39 64 (638976)
I0109 14:50:43.253712  4725 net.cpp:165] Memory required for data: 269042388
I0109 14:50:43.253720  4725 layer_factory.hpp:77] Creating layer rpn_relu/3x3
I0109 14:50:43.253731  4725 net.cpp:106] Creating Layer rpn_relu/3x3
I0109 14:50:43.253737  4725 net.cpp:454] rpn_relu/3x3 <- rpn/output
I0109 14:50:43.253743  4725 net.cpp:397] rpn_relu/3x3 -> rpn/output (in-place)
I0109 14:50:43.253760  4725 net.cpp:150] Setting up rpn_relu/3x3
I0109 14:50:43.253765  4725 net.cpp:157] Top shape: 1 256 39 64 (638976)
I0109 14:50:43.253767  4725 net.cpp:165] Memory required for data: 271598292
I0109 14:50:43.253770  4725 layer_factory.hpp:77] Creating layer rpn/output_rpn_relu/3x3_0_split
I0109 14:50:43.253777  4725 net.cpp:106] Creating Layer rpn/output_rpn_relu/3x3_0_split
I0109 14:50:43.253779  4725 net.cpp:454] rpn/output_rpn_relu/3x3_0_split <- rpn/output
I0109 14:50:43.253787  4725 net.cpp:411] rpn/output_rpn_relu/3x3_0_split -> rpn/output_rpn_relu/3x3_0_split_0
I0109 14:50:43.253795  4725 net.cpp:411] rpn/output_rpn_relu/3x3_0_split -> rpn/output_rpn_relu/3x3_0_split_1
I0109 14:50:43.253832  4725 net.cpp:150] Setting up rpn/output_rpn_relu/3x3_0_split
I0109 14:50:43.253854  4725 net.cpp:157] Top shape: 1 256 39 64 (638976)
I0109 14:50:43.253859  4725 net.cpp:157] Top shape: 1 256 39 64 (638976)
I0109 14:50:43.253862  4725 net.cpp:165] Memory required for data: 276710100
I0109 14:50:43.253866  4725 layer_factory.hpp:77] Creating layer rpn_cls_score
I0109 14:50:43.253880  4725 net.cpp:106] Creating Layer rpn_cls_score
I0109 14:50:43.253898  4725 net.cpp:454] rpn_cls_score <- rpn/output_rpn_relu/3x3_0_split_0
I0109 14:50:43.253922  4725 net.cpp:411] rpn_cls_score -> rpn_cls_score
I0109 14:50:43.254212  4725 net.cpp:150] Setting up rpn_cls_score
I0109 14:50:43.254236  4725 net.cpp:157] Top shape: 1 18 39 64 (44928)
I0109 14:50:43.254242  4725 net.cpp:165] Memory required for data: 276889812
I0109 14:50:43.254250  4725 layer_factory.hpp:77] Creating layer rpn_cls_score_rpn_cls_score_0_split
I0109 14:50:43.254258  4725 net.cpp:106] Creating Layer rpn_cls_score_rpn_cls_score_0_split
I0109 14:50:43.254262  4725 net.cpp:454] rpn_cls_score_rpn_cls_score_0_split <- rpn_cls_score
I0109 14:50:43.254288  4725 net.cpp:411] rpn_cls_score_rpn_cls_score_0_split -> rpn_cls_score_rpn_cls_score_0_split_0
I0109 14:50:43.254315  4725 net.cpp:411] rpn_cls_score_rpn_cls_score_0_split -> rpn_cls_score_rpn_cls_score_0_split_1
I0109 14:50:43.254359  4725 net.cpp:150] Setting up rpn_cls_score_rpn_cls_score_0_split
I0109 14:50:43.254384  4725 net.cpp:157] Top shape: 1 18 39 64 (44928)
I0109 14:50:43.254390  4725 net.cpp:157] Top shape: 1 18 39 64 (44928)
I0109 14:50:43.254393  4725 net.cpp:165] Memory required for data: 277249236
I0109 14:50:43.254396  4725 layer_factory.hpp:77] Creating layer rpn_bbox_pred
I0109 14:50:43.254425  4725 net.cpp:106] Creating Layer rpn_bbox_pred
I0109 14:50:43.254434  4725 net.cpp:454] rpn_bbox_pred <- rpn/output_rpn_relu/3x3_0_split_1
I0109 14:50:43.254444  4725 net.cpp:411] rpn_bbox_pred -> rpn_bbox_pred
I0109 14:50:43.254743  4725 net.cpp:150] Setting up rpn_bbox_pred
I0109 14:50:43.254763  4725 net.cpp:157] Top shape: 1 36 39 64 (89856)
I0109 14:50:43.254770  4725 net.cpp:165] Memory required for data: 277608660
I0109 14:50:43.254776  4725 layer_factory.hpp:77] Creating layer rpn_bbox_pred_rpn_bbox_pred_0_split
I0109 14:50:43.254786  4725 net.cpp:106] Creating Layer rpn_bbox_pred_rpn_bbox_pred_0_split
I0109 14:50:43.254789  4725 net.cpp:454] rpn_bbox_pred_rpn_bbox_pred_0_split <- rpn_bbox_pred
I0109 14:50:43.254799  4725 net.cpp:411] rpn_bbox_pred_rpn_bbox_pred_0_split -> rpn_bbox_pred_rpn_bbox_pred_0_split_0
I0109 14:50:43.254822  4725 net.cpp:411] rpn_bbox_pred_rpn_bbox_pred_0_split -> rpn_bbox_pred_rpn_bbox_pred_0_split_1
I0109 14:50:43.254863  4725 net.cpp:150] Setting up rpn_bbox_pred_rpn_bbox_pred_0_split
I0109 14:50:43.254884  4725 net.cpp:157] Top shape: 1 36 39 64 (89856)
I0109 14:50:43.254890  4725 net.cpp:157] Top shape: 1 36 39 64 (89856)
I0109 14:50:43.254894  4725 net.cpp:165] Memory required for data: 278327508
I0109 14:50:43.254896  4725 layer_factory.hpp:77] Creating layer rpn_cls_score_reshape
I0109 14:50:43.254909  4725 net.cpp:106] Creating Layer rpn_cls_score_reshape
I0109 14:50:43.254912  4725 net.cpp:454] rpn_cls_score_reshape <- rpn_cls_score_rpn_cls_score_0_split_0
I0109 14:50:43.254940  4725 net.cpp:411] rpn_cls_score_reshape -> rpn_cls_score_reshape
I0109 14:50:43.254976  4725 net.cpp:150] Setting up rpn_cls_score_reshape
I0109 14:50:43.254995  4725 net.cpp:157] Top shape: 1 2 351 64 (44928)
I0109 14:50:43.255000  4725 net.cpp:165] Memory required for data: 278507220
I0109 14:50:43.255004  4725 layer_factory.hpp:77] Creating layer rpn_cls_score_reshape_rpn_cls_score_reshape_0_split
I0109 14:50:43.255015  4725 net.cpp:106] Creating Layer rpn_cls_score_reshape_rpn_cls_score_reshape_0_split
I0109 14:50:43.255022  4725 net.cpp:454] rpn_cls_score_reshape_rpn_cls_score_reshape_0_split <- rpn_cls_score_reshape
I0109 14:50:43.255030  4725 net.cpp:411] rpn_cls_score_reshape_rpn_cls_score_reshape_0_split -> rpn_cls_score_reshape_rpn_cls_score_reshape_0_split_0
I0109 14:50:43.255053  4725 net.cpp:411] rpn_cls_score_reshape_rpn_cls_score_reshape_0_split -> rpn_cls_score_reshape_rpn_cls_score_reshape_0_split_1
I0109 14:50:43.255095  4725 net.cpp:150] Setting up rpn_cls_score_reshape_rpn_cls_score_reshape_0_split
I0109 14:50:43.255115  4725 net.cpp:157] Top shape: 1 2 351 64 (44928)
I0109 14:50:43.255120  4725 net.cpp:157] Top shape: 1 2 351 64 (44928)
I0109 14:50:43.255123  4725 net.cpp:165] Memory required for data: 278866644
I0109 14:50:43.255127  4725 layer_factory.hpp:77] Creating layer rpn-data
I0109 14:50:43.255743  4725 net.cpp:106] Creating Layer rpn-data
I0109 14:50:43.255765  4725 net.cpp:454] rpn-data <- rpn_cls_score_rpn_cls_score_0_split_1
I0109 14:50:43.255775  4725 net.cpp:454] rpn-data <- gt_boxes_input-data_2_split_0
I0109 14:50:43.255782  4725 net.cpp:454] rpn-data <- im_info_input-data_1_split_0
I0109 14:50:43.255786  4725 net.cpp:454] rpn-data <- data_input-data_0_split_1
I0109 14:50:43.255792  4725 net.cpp:411] rpn-data -> rpn_labels
I0109 14:50:43.255825  4725 net.cpp:411] rpn-data -> rpn_bbox_targets
I0109 14:50:43.255852  4725 net.cpp:411] rpn-data -> rpn_bbox_inside_weights
I0109 14:50:43.255864  4725 net.cpp:411] rpn-data -> rpn_bbox_outside_weights
I0109 14:50:43.257479  4725 net.cpp:150] Setting up rpn-data
I0109 14:50:43.257508  4725 net.cpp:157] Top shape: 1 1 351 64 (22464)
I0109 14:50:43.257515  4725 net.cpp:157] Top shape: 1 36 39 64 (89856)
I0109 14:50:43.257521  4725 net.cpp:157] Top shape: 1 36 39 64 (89856)
I0109 14:50:43.257525  4725 net.cpp:157] Top shape: 1 36 39 64 (89856)
I0109 14:50:43.257529  4725 net.cpp:165] Memory required for data: 280034772
I0109 14:50:43.257532  4725 layer_factory.hpp:77] Creating layer rpn_loss_cls
I0109 14:50:43.257555  4725 net.cpp:106] Creating Layer rpn_loss_cls
I0109 14:50:43.257563  4725 net.cpp:454] rpn_loss_cls <- rpn_cls_score_reshape_rpn_cls_score_reshape_0_split_0
I0109 14:50:43.257570  4725 net.cpp:454] rpn_loss_cls <- rpn_labels
I0109 14:50:43.257588  4725 net.cpp:411] rpn_loss_cls -> rpn_cls_loss
I0109 14:50:43.257603  4725 layer_factory.hpp:77] Creating layer rpn_loss_cls
I0109 14:50:43.257730  4725 net.cpp:150] Setting up rpn_loss_cls
I0109 14:50:43.257753  4725 net.cpp:157] Top shape: (1)
I0109 14:50:43.257760  4725 net.cpp:160]     with loss weight 1
I0109 14:50:43.257774  4725 net.cpp:165] Memory required for data: 280034776
I0109 14:50:43.257777  4725 layer_factory.hpp:77] Creating layer rpn_loss_bbox
I0109 14:50:43.257804  4725 net.cpp:106] Creating Layer rpn_loss_bbox
I0109 14:50:43.257812  4725 net.cpp:454] rpn_loss_bbox <- rpn_bbox_pred_rpn_bbox_pred_0_split_0
I0109 14:50:43.257817  4725 net.cpp:454] rpn_loss_bbox <- rpn_bbox_targets
I0109 14:50:43.257834  4725 net.cpp:454] rpn_loss_bbox <- rpn_bbox_inside_weights
I0109 14:50:43.257843  4725 net.cpp:454] rpn_loss_bbox <- rpn_bbox_outside_weights
I0109 14:50:43.257848  4725 net.cpp:411] rpn_loss_bbox -> rpn_loss_bbox
I0109 14:50:43.258604  4725 net.cpp:150] Setting up rpn_loss_bbox
I0109 14:50:43.258627  4725 net.cpp:157] Top shape: (1)
I0109 14:50:43.258635  4725 net.cpp:160]     with loss weight 1
I0109 14:50:43.258641  4725 net.cpp:165] Memory required for data: 280034780
I0109 14:50:43.258646  4725 layer_factory.hpp:77] Creating layer rpn_cls_prob
I0109 14:50:43.258656  4725 net.cpp:106] Creating Layer rpn_cls_prob
I0109 14:50:43.258672  4725 net.cpp:454] rpn_cls_prob <- rpn_cls_score_reshape_rpn_cls_score_reshape_0_split_1
I0109 14:50:43.258682  4725 net.cpp:411] rpn_cls_prob -> rpn_cls_prob
I0109 14:50:43.258745  4725 net.cpp:150] Setting up rpn_cls_prob
I0109 14:50:43.258765  4725 net.cpp:157] Top shape: 1 2 351 64 (44928)
I0109 14:50:43.258771  4725 net.cpp:165] Memory required for data: 280214492
I0109 14:50:43.258774  4725 layer_factory.hpp:77] Creating layer rpn_cls_prob_reshape
I0109 14:50:43.258795  4725 net.cpp:106] Creating Layer rpn_cls_prob_reshape
I0109 14:50:43.258811  4725 net.cpp:454] rpn_cls_prob_reshape <- rpn_cls_prob
I0109 14:50:43.258822  4725 net.cpp:411] rpn_cls_prob_reshape -> rpn_cls_prob_reshape
I0109 14:50:43.258867  4725 net.cpp:150] Setting up rpn_cls_prob_reshape
I0109 14:50:43.258890  4725 net.cpp:157] Top shape: 1 18 39 64 (44928)
I0109 14:50:43.258896  4725 net.cpp:165] Memory required for data: 280394204
I0109 14:50:43.258900  4725 layer_factory.hpp:77] Creating layer proposal
I0109 14:50:43.259716  4725 net.cpp:106] Creating Layer proposal
I0109 14:50:43.259739  4725 net.cpp:454] proposal <- rpn_cls_prob_reshape
I0109 14:50:43.259748  4725 net.cpp:454] proposal <- rpn_bbox_pred_rpn_bbox_pred_0_split_1
I0109 14:50:43.259755  4725 net.cpp:454] proposal <- im_info_input-data_1_split_1
I0109 14:50:43.259763  4725 net.cpp:411] proposal -> rpn_rois
I0109 14:50:43.260452  4725 net.cpp:150] Setting up proposal
I0109 14:50:43.260479  4725 net.cpp:157] Top shape: 1 5 (5)
I0109 14:50:43.260485  4725 net.cpp:165] Memory required for data: 280394224
I0109 14:50:43.260502  4725 layer_factory.hpp:77] Creating layer roi-data
I0109 14:50:43.260680  4725 net.cpp:106] Creating Layer roi-data
I0109 14:50:43.260704  4725 net.cpp:454] roi-data <- rpn_rois
I0109 14:50:43.260712  4725 net.cpp:454] roi-data <- gt_boxes_input-data_2_split_1
I0109 14:50:43.260732  4725 net.cpp:411] roi-data -> rois
I0109 14:50:43.260754  4725 net.cpp:411] roi-data -> labels
I0109 14:50:43.260766  4725 net.cpp:411] roi-data -> bbox_targets
I0109 14:50:43.260788  4725 net.cpp:411] roi-data -> bbox_inside_weights
I0109 14:50:43.260798  4725 net.cpp:411] roi-data -> bbox_outside_weights
I0109 14:50:43.261188  4725 net.cpp:150] Setting up roi-data
I0109 14:50:43.261214  4725 net.cpp:157] Top shape: 1 5 (5)
I0109 14:50:43.261220  4725 net.cpp:157] Top shape: 1 1 (1)
I0109 14:50:43.261224  4725 net.cpp:157] Top shape: 1 8 (8)
I0109 14:50:43.261229  4725 net.cpp:157] Top shape: 1 8 (8)
I0109 14:50:43.261232  4725 net.cpp:157] Top shape: 1 8 (8)
I0109 14:50:43.261235  4725 net.cpp:165] Memory required for data: 280394344
I0109 14:50:43.261238  4725 layer_factory.hpp:77] Creating layer roi_pool_conv5
I0109 14:50:43.261260  4725 net.cpp:106] Creating Layer roi_pool_conv5
I0109 14:50:43.261268  4725 net.cpp:454] roi_pool_conv5 <- conv5_relu5_0_split_1
I0109 14:50:43.261273  4725 net.cpp:454] roi_pool_conv5 <- rois
I0109 14:50:43.261281  4725 net.cpp:411] roi_pool_conv5 -> roi_pool_conv5
I0109 14:50:43.261302  4725 roi_pooling_layer.cpp:30] Spatial scale: 0.0625
I0109 14:50:43.261358  4725 net.cpp:150] Setting up roi_pool_conv5
I0109 14:50:43.261380  4725 net.cpp:157] Top shape: 1 256 6 6 (9216)
I0109 14:50:43.261386  4725 net.cpp:165] Memory required for data: 280431208
I0109 14:50:43.261390  4725 layer_factory.hpp:77] Creating layer fc6
I0109 14:50:43.261401  4725 net.cpp:106] Creating Layer fc6
I0109 14:50:43.261422  4725 net.cpp:454] fc6 <- roi_pool_conv5
I0109 14:50:43.261432  4725 net.cpp:411] fc6 -> fc6
I0109 14:50:43.395148  4725 net.cpp:150] Setting up fc6
I0109 14:50:43.395205  4725 net.cpp:157] Top shape: 1 4096 (4096)
I0109 14:50:43.395211  4725 net.cpp:165] Memory required for data: 280447592
I0109 14:50:43.395237  4725 layer_factory.hpp:77] Creating layer relu6
I0109 14:50:43.395256  4725 net.cpp:106] Creating Layer relu6
I0109 14:50:43.395262  4725 net.cpp:454] relu6 <- fc6
I0109 14:50:43.395269  4725 net.cpp:397] relu6 -> fc6 (in-place)
I0109 14:50:43.395282  4725 net.cpp:150] Setting up relu6
I0109 14:50:43.395289  4725 net.cpp:157] Top shape: 1 4096 (4096)
I0109 14:50:43.395292  4725 net.cpp:165] Memory required for data: 280463976
I0109 14:50:43.395295  4725 layer_factory.hpp:77] Creating layer drop6
I0109 14:50:43.395303  4725 net.cpp:106] Creating Layer drop6
I0109 14:50:43.395305  4725 net.cpp:454] drop6 <- fc6
I0109 14:50:43.395309  4725 net.cpp:397] drop6 -> fc6 (in-place)
I0109 14:50:43.395339  4725 net.cpp:150] Setting up drop6
I0109 14:50:43.395359  4725 net.cpp:157] Top shape: 1 4096 (4096)
I0109 14:50:43.395364  4725 net.cpp:165] Memory required for data: 280480360
I0109 14:50:43.395367  4725 layer_factory.hpp:77] Creating layer fc7
I0109 14:50:43.395377  4725 net.cpp:106] Creating Layer fc7
I0109 14:50:43.395380  4725 net.cpp:454] fc7 <- fc6
I0109 14:50:43.395390  4725 net.cpp:411] fc7 -> fc7
I0109 14:50:43.455987  4725 net.cpp:150] Setting up fc7
I0109 14:50:43.456043  4725 net.cpp:157] Top shape: 1 4096 (4096)
I0109 14:50:43.456048  4725 net.cpp:165] Memory required for data: 280496744
I0109 14:50:43.456063  4725 layer_factory.hpp:77] Creating layer relu7
I0109 14:50:43.456082  4725 net.cpp:106] Creating Layer relu7
I0109 14:50:43.456109  4725 net.cpp:454] relu7 <- fc7
I0109 14:50:43.456120  4725 net.cpp:397] relu7 -> fc7 (in-place)
I0109 14:50:43.456131  4725 net.cpp:150] Setting up relu7
I0109 14:50:43.456135  4725 net.cpp:157] Top shape: 1 4096 (4096)
I0109 14:50:43.456142  4725 net.cpp:165] Memory required for data: 280513128
I0109 14:50:43.456146  4725 layer_factory.hpp:77] Creating layer drop7
I0109 14:50:43.456152  4725 net.cpp:106] Creating Layer drop7
I0109 14:50:43.456156  4725 net.cpp:454] drop7 <- fc7
I0109 14:50:43.456162  4725 net.cpp:397] drop7 -> fc7 (in-place)
I0109 14:50:43.456188  4725 net.cpp:150] Setting up drop7
I0109 14:50:43.456207  4725 net.cpp:157] Top shape: 1 4096 (4096)
I0109 14:50:43.456212  4725 net.cpp:165] Memory required for data: 280529512
I0109 14:50:43.456217  4725 layer_factory.hpp:77] Creating layer fc7_drop7_0_split
I0109 14:50:43.456228  4725 net.cpp:106] Creating Layer fc7_drop7_0_split
I0109 14:50:43.456231  4725 net.cpp:454] fc7_drop7_0_split <- fc7
I0109 14:50:43.456238  4725 net.cpp:411] fc7_drop7_0_split -> fc7_drop7_0_split_0
I0109 14:50:43.456248  4725 net.cpp:411] fc7_drop7_0_split -> fc7_drop7_0_split_1
I0109 14:50:43.456295  4725 net.cpp:150] Setting up fc7_drop7_0_split
I0109 14:50:43.456301  4725 net.cpp:157] Top shape: 1 4096 (4096)
I0109 14:50:43.456305  4725 net.cpp:157] Top shape: 1 4096 (4096)
I0109 14:50:43.456306  4725 net.cpp:165] Memory required for data: 280562280
I0109 14:50:43.456310  4725 layer_factory.hpp:77] Creating layer cls_score_basketball
I0109 14:50:43.456320  4725 net.cpp:106] Creating Layer cls_score_basketball
I0109 14:50:43.456324  4725 net.cpp:454] cls_score_basketball <- fc7_drop7_0_split_0
I0109 14:50:43.456333  4725 net.cpp:411] cls_score_basketball -> cls_score
I0109 14:50:43.456553  4725 net.cpp:150] Setting up cls_score_basketball
I0109 14:50:43.456578  4725 net.cpp:157] Top shape: 1 2 (2)
I0109 14:50:43.456583  4725 net.cpp:165] Memory required for data: 280562288
I0109 14:50:43.456589  4725 layer_factory.hpp:77] Creating layer bbox_pred_basketball
I0109 14:50:43.456600  4725 net.cpp:106] Creating Layer bbox_pred_basketball
I0109 14:50:43.456607  4725 net.cpp:454] bbox_pred_basketball <- fc7_drop7_0_split_1
I0109 14:50:43.456612  4725 net.cpp:411] bbox_pred_basketball -> bbox_pred
I0109 14:50:43.457051  4725 net.cpp:150] Setting up bbox_pred_basketball
I0109 14:50:43.457072  4725 net.cpp:157] Top shape: 1 8 (8)
I0109 14:50:43.457077  4725 net.cpp:165] Memory required for data: 280562320
I0109 14:50:43.457083  4725 layer_factory.hpp:77] Creating layer loss_cls
I0109 14:50:43.457093  4725 net.cpp:106] Creating Layer loss_cls
I0109 14:50:43.457099  4725 net.cpp:454] loss_cls <- cls_score
I0109 14:50:43.457104  4725 net.cpp:454] loss_cls <- labels
I0109 14:50:43.457109  4725 net.cpp:411] loss_cls -> cls_loss
I0109 14:50:43.457120  4725 layer_factory.hpp:77] Creating layer loss_cls
I0109 14:50:43.457201  4725 net.cpp:150] Setting up loss_cls
I0109 14:50:43.457221  4725 net.cpp:157] Top shape: (1)
I0109 14:50:43.457226  4725 net.cpp:160]     with loss weight 1
I0109 14:50:43.457239  4725 net.cpp:165] Memory required for data: 280562324
I0109 14:50:43.457242  4725 layer_factory.hpp:77] Creating layer loss_bbox
I0109 14:50:43.457253  4725 net.cpp:106] Creating Layer loss_bbox
I0109 14:50:43.457257  4725 net.cpp:454] loss_bbox <- bbox_pred
I0109 14:50:43.457262  4725 net.cpp:454] loss_bbox <- bbox_targets
I0109 14:50:43.457267  4725 net.cpp:454] loss_bbox <- bbox_inside_weights
I0109 14:50:43.457271  4725 net.cpp:454] loss_bbox <- bbox_outside_weights
I0109 14:50:43.457276  4725 net.cpp:411] loss_bbox -> bbox_loss
I0109 14:50:43.457347  4725 net.cpp:150] Setting up loss_bbox
I0109 14:50:43.457370  4725 net.cpp:157] Top shape: (1)
I0109 14:50:43.457376  4725 net.cpp:160]     with loss weight 1
I0109 14:50:43.457381  4725 net.cpp:165] Memory required for data: 280562328
I0109 14:50:43.457384  4725 net.cpp:226] loss_bbox needs backward computation.
I0109 14:50:43.457389  4725 net.cpp:226] loss_cls needs backward computation.
I0109 14:50:43.457392  4725 net.cpp:226] bbox_pred_basketball needs backward computation.
I0109 14:50:43.457396  4725 net.cpp:226] cls_score_basketball needs backward computation.
I0109 14:50:43.457399  4725 net.cpp:226] fc7_drop7_0_split needs backward computation.
I0109 14:50:43.457402  4725 net.cpp:226] drop7 needs backward computation.
I0109 14:50:43.457406  4725 net.cpp:226] relu7 needs backward computation.
I0109 14:50:43.457408  4725 net.cpp:226] fc7 needs backward computation.
I0109 14:50:43.457412  4725 net.cpp:226] drop6 needs backward computation.
I0109 14:50:43.457414  4725 net.cpp:226] relu6 needs backward computation.
I0109 14:50:43.457432  4725 net.cpp:226] fc6 needs backward computation.
I0109 14:50:43.457440  4725 net.cpp:226] roi_pool_conv5 needs backward computation.
I0109 14:50:43.457445  4725 net.cpp:226] roi-data needs backward computation.
I0109 14:50:43.457450  4725 net.cpp:226] proposal needs backward computation.
I0109 14:50:43.457455  4725 net.cpp:226] rpn_cls_prob_reshape needs backward computation.
I0109 14:50:43.457459  4725 net.cpp:226] rpn_cls_prob needs backward computation.
I0109 14:50:43.457464  4725 net.cpp:226] rpn_loss_bbox needs backward computation.
I0109 14:50:43.457473  4725 net.cpp:226] rpn_loss_cls needs backward computation.
I0109 14:50:43.457479  4725 net.cpp:226] rpn-data needs backward computation.
I0109 14:50:43.457485  4725 net.cpp:226] rpn_cls_score_reshape_rpn_cls_score_reshape_0_split needs backward computation.
I0109 14:50:43.457489  4725 net.cpp:226] rpn_cls_score_reshape needs backward computation.
I0109 14:50:43.457492  4725 net.cpp:226] rpn_bbox_pred_rpn_bbox_pred_0_split needs backward computation.
I0109 14:50:43.457496  4725 net.cpp:226] rpn_bbox_pred needs backward computation.
I0109 14:50:43.457500  4725 net.cpp:226] rpn_cls_score_rpn_cls_score_0_split needs backward computation.
I0109 14:50:43.457504  4725 net.cpp:226] rpn_cls_score needs backward computation.
I0109 14:50:43.457520  4725 net.cpp:226] rpn/output_rpn_relu/3x3_0_split needs backward computation.
I0109 14:50:43.457530  4725 net.cpp:226] rpn_relu/3x3 needs backward computation.
I0109 14:50:43.457533  4725 net.cpp:226] rpn_conv/3x3 needs backward computation.
I0109 14:50:43.457537  4725 net.cpp:226] conv5_relu5_0_split needs backward computation.
I0109 14:50:43.457554  4725 net.cpp:226] relu5 needs backward computation.
I0109 14:50:43.457561  4725 net.cpp:226] conv5 needs backward computation.
I0109 14:50:43.457567  4725 net.cpp:226] relu4 needs backward computation.
I0109 14:50:43.457583  4725 net.cpp:226] conv4 needs backward computation.
I0109 14:50:43.457590  4725 net.cpp:226] relu3 needs backward computation.
I0109 14:50:43.457593  4725 net.cpp:226] conv3 needs backward computation.
I0109 14:50:43.457597  4725 net.cpp:226] pool2 needs backward computation.
I0109 14:50:43.457600  4725 net.cpp:226] norm2 needs backward computation.
I0109 14:50:43.457607  4725 net.cpp:226] relu2 needs backward computation.
I0109 14:50:43.457609  4725 net.cpp:226] conv2 needs backward computation.
I0109 14:50:43.457613  4725 net.cpp:226] pool1 needs backward computation.
I0109 14:50:43.457628  4725 net.cpp:226] norm1 needs backward computation.
I0109 14:50:43.457635  4725 net.cpp:226] relu1 needs backward computation.
I0109 14:50:43.457639  4725 net.cpp:226] conv1 needs backward computation.
I0109 14:50:43.457643  4725 net.cpp:228] gt_boxes_input-data_2_split does not need backward computation.
I0109 14:50:43.457660  4725 net.cpp:228] im_info_input-data_1_split does not need backward computation.
I0109 14:50:43.457669  4725 net.cpp:228] data_input-data_0_split does not need backward computation.
I0109 14:50:43.457675  4725 net.cpp:228] input-data does not need backward computation.
I0109 14:50:43.457679  4725 net.cpp:270] This network produces output bbox_loss
I0109 14:50:43.457682  4725 net.cpp:270] This network produces output cls_loss
I0109 14:50:43.457685  4725 net.cpp:270] This network produces output rpn_cls_loss
I0109 14:50:43.457690  4725 net.cpp:270] This network produces output rpn_loss_bbox
I0109 14:50:43.457732  4725 net.cpp:283] Network initialization done.
I0109 14:50:43.457880  4725 solver.cpp:60] Solver scaffolding done.
Loading pretrained model weights from output/faster_rcnn_end2end/train/basketballDet_iter_3000.caffemodel
Solving...
I0109 14:50:44.259122  4725 solver.cpp:229] Iteration 0, loss = 0.0954919
I0109 14:50:44.259203  4725 solver.cpp:245]     Train net output #0: bbox_loss = 0.0820699 (* 1 = 0.0820699 loss)
I0109 14:50:44.259248  4725 solver.cpp:245]     Train net output #1: cls_loss = 0.0172152 (* 1 = 0.0172152 loss)
I0109 14:50:44.259291  4725 solver.cpp:245]     Train net output #2: rpn_cls_loss = 0.00757105 (* 1 = 0.00757105 loss)
I0109 14:50:44.259311  4725 solver.cpp:245]     Train net output #3: rpn_loss_bbox = 0.00625093 (* 1 = 0.00625093 loss)
I0109 14:50:44.259348  4725 sgd_solver.cpp:106] Iteration 0, lr = 0.001
I0109 14:50:51.412329  4725 solver.cpp:229] Iteration 20, loss = 0.113463
I0109 14:50:51.412411  4725 solver.cpp:245]     Train net output #0: bbox_loss = 0.0572988 (* 1 = 0.0572988 loss)
I0109 14:50:51.412431  4725 solver.cpp:245]     Train net output #1: cls_loss = 0.0167386 (* 1 = 0.0167386 loss)
I0109 14:50:51.412448  4725 solver.cpp:245]     Train net output #2: rpn_cls_loss = 0.0474216 (* 1 = 0.0474216 loss)
I0109 14:50:51.412470  4725 solver.cpp:245]     Train net output #3: rpn_loss_bbox = 0.0501688 (* 1 = 0.0501688 loss)
I0109 14:50:51.412482  4725 sgd_solver.cpp:106] Iteration 20, lr = 0.001
I0109 14:50:58.448837  4725 solver.cpp:229] Iteration 40, loss = 0.0997587
I0109 14:50:58.448925  4725 solver.cpp:245]     Train net output #0: bbox_loss = 0.0197571 (* 1 = 0.0197571 loss)
I0109 14:50:58.448957  4725 solver.cpp:245]     Train net output #1: cls_loss = 0.0197404 (* 1 = 0.0197404 loss)
I0109 14:50:58.449007  4725 solver.cpp:245]     Train net output #2: rpn_cls_loss = 0.0316215 (* 1 = 0.0316215 loss)
I0109 14:50:58.449044  4725 solver.cpp:245]     Train net output #3: rpn_loss_bbox = 0.0458544 (* 1 = 0.0458544 loss)
I0109 14:50:58.449071  4725 sgd_solver.cpp:106] Iteration 40, lr = 0.001
I0109 14:51:05.543063  4725 solver.cpp:229] Iteration 60, loss = 0.059042
I0109 14:51:05.543129  4725 solver.cpp:245]     Train net output #0: bbox_loss = 0.0494591 (* 1 = 0.0494591 loss)
I0109 14:51:05.543140  4725 solver.cpp:245]     Train net output #1: cls_loss = 0.00493622 (* 1 = 0.00493622 loss)
I0109 14:51:05.543172  4725 solver.cpp:245]     Train net output #2: rpn_cls_loss = 0.00371965 (* 1 = 0.00371965 loss)
I0109 14:51:05.543216  4725 solver.cpp:245]     Train net output #3: rpn_loss_bbox = 0.00099545 (* 1 = 0.00099545 loss)
I0109 14:51:05.543236  4725 sgd_solver.cpp:106] Iteration 60, lr = 0.001
I0109 14:51:12.644819  4725 solver.cpp:229] Iteration 80, loss = 0.0412937
I0109 14:51:12.644884  4725 solver.cpp:245]     Train net output #0: bbox_loss = 0.0323508 (* 1 = 0.0323508 loss)
I0109 14:51:12.644912  4725 solver.cpp:245]     Train net output #1: cls_loss = 0.00240642 (* 1 = 0.00240642 loss)
I0109 14:51:12.644938  4725 solver.cpp:245]     Train net output #2: rpn_cls_loss = 0.00773486 (* 1 = 0.00773486 loss)
I0109 14:51:12.644950  4725 solver.cpp:245]     Train net output #3: rpn_loss_bbox = 0.0013011 (* 1 = 0.0013011 loss)
I0109 14:51:12.644958  4725 sgd_solver.cpp:106] Iteration 80, lr = 0.001
I0109 14:51:19.793373  4725 solver.cpp:229] Iteration 100, loss = 0.094955
I0109 14:51:19.793440  4725 solver.cpp:245]     Train net output #0: bbox_loss = 0.0484783 (* 1 = 0.0484783 loss)
I0109 14:51:19.793452  4725 solver.cpp:245]     Train net output #1: cls_loss = 0.0378651 (* 1 = 0.0378651 loss)
I0109 14:51:19.793470  4725 solver.cpp:245]     Train net output #2: rpn_cls_loss = 0.00305465 (* 1 = 0.00305465 loss)
I0109 14:51:19.793493  4725 solver.cpp:245]     Train net output #3: rpn_loss_bbox = 0.00172203 (* 1 = 0.00172203 loss)
I0109 14:51:19.793500  4725 sgd_solver.cpp:106] Iteration 100, lr = 0.001
I0109 14:51:26.757012  4725 solver.cpp:229] Iteration 120, loss = 0.0687696
I0109 14:51:26.757091  4725 solver.cpp:245]     Train net output #0: bbox_loss = 0.056925 (* 1 = 0.056925 loss)
I0109 14:51:26.757102  4725 solver.cpp:245]     Train net output #1: cls_loss = 0.00916565 (* 1 = 0.00916565 loss)
I0109 14:51:26.757125  4725 solver.cpp:245]     Train net output #2: rpn_cls_loss = 0.00342137 (* 1 = 0.00342137 loss)
I0109 14:51:26.757151  4725 solver.cpp:245]     Train net output #3: rpn_loss_bbox = 0.000528415 (* 1 = 0.000528415 loss)
I0109 14:51:26.757181  4725 sgd_solver.cpp:106] Iteration 120, lr = 0.001
I0109 14:51:33.796828  4725 solver.cpp:229] Iteration 140, loss = 0.107529
I0109 14:51:33.796898  4725 solver.cpp:245]     Train net output #0: bbox_loss = 0.0781435 (* 1 = 0.0781435 loss)
I0109 14:51:33.796910  4725 solver.cpp:245]     Train net output #1: cls_loss = 0.0360388 (* 1 = 0.0360388 loss)
I0109 14:51:33.796928  4725 solver.cpp:245]     Train net output #2: rpn_cls_loss = 0.00490181 (* 1 = 0.00490181 loss)
I0109 14:51:33.796954  4725 solver.cpp:245]     Train net output #3: rpn_loss_bbox = 0.000597821 (* 1 = 0.000597821 loss)
I0109 14:51:33.796963  4725 sgd_solver.cpp:106] Iteration 140, lr = 0.001
I0109 14:51:40.868106  4725 solver.cpp:229] Iteration 160, loss = 0.125381
I0109 14:51:40.868175  4725 solver.cpp:245]     Train net output #0: bbox_loss = 0.044918 (* 1 = 0.044918 loss)
I0109 14:51:40.868185  4725 solver.cpp:245]     Train net output #1: cls_loss = 0.0183038 (* 1 = 0.0183038 loss)
I0109 14:51:40.868208  4725 solver.cpp:245]     Train net output #2: rpn_cls_loss = 0.0029218 (* 1 = 0.0029218 loss)
I0109 14:51:40.868233  4725 solver.cpp:245]     Train net output #3: rpn_loss_bbox = 0.000525579 (* 1 = 0.000525579 loss)
I0109 14:51:40.868263  4725 sgd_solver.cpp:106] Iteration 160, lr = 0.001
I0109 14:51:47.895023  4725 solver.cpp:229] Iteration 180, loss = 0.125532
I0109 14:51:47.895092  4725 solver.cpp:245]     Train net output #0: bbox_loss = 0.0775007 (* 1 = 0.0775007 loss)
I0109 14:51:47.895103  4725 solver.cpp:245]     Train net output #1: cls_loss = 0.0450217 (* 1 = 0.0450217 loss)
I0109 14:51:47.895123  4725 solver.cpp:245]     Train net output #2: rpn_cls_loss = 0.0399407 (* 1 = 0.0399407 loss)
I0109 14:51:47.895154  4725 solver.cpp:245]     Train net output #3: rpn_loss_bbox = 0.00611293 (* 1 = 0.00611293 loss)
I0109 14:51:47.895167  4725 sgd_solver.cpp:106] Iteration 180, lr = 0.001
speed: 0.355s / iter
I0109 14:51:55.079946  4725 solver.cpp:229] Iteration 200, loss = 0.692498
I0109 14:51:55.080032  4725 solver.cpp:245]     Train net output #0: bbox_loss = 0.0817609 (* 1 = 0.0817609 loss)
I0109 14:51:55.080077  4725 solver.cpp:245]     Train net output #1: cls_loss = 0.00618228 (* 1 = 0.00618228 loss)
I0109 14:51:55.080126  4725 solver.cpp:245]     Train net output #2: rpn_cls_loss = 0.0161481 (* 1 = 0.0161481 loss)
I0109 14:51:55.080163  4725 solver.cpp:245]     Train net output #3: rpn_loss_bbox = 0.011571 (* 1 = 0.011571 loss)
I0109 14:51:55.080196  4725 sgd_solver.cpp:106] Iteration 200, lr = 0.001
I0109 14:52:02.122301  4725 solver.cpp:229] Iteration 220, loss = 0.109136
I0109 14:52:02.122387  4725 solver.cpp:245]     Train net output #0: bbox_loss = 0.0360482 (* 1 = 0.0360482 loss)
I0109 14:52:02.122426  4725 solver.cpp:245]     Train net output #1: cls_loss = 0.0066535 (* 1 = 0.0066535 loss)
I0109 14:52:02.122454  4725 solver.cpp:245]     Train net output #2: rpn_cls_loss = 0.0236589 (* 1 = 0.0236589 loss)
I0109 14:52:02.122485  4725 solver.cpp:245]     Train net output #3: rpn_loss_bbox = 0.014392 (* 1 = 0.014392 loss)
I0109 14:52:02.122526  4725 sgd_solver.cpp:106] Iteration 220, lr = 0.001
I0109 14:52:09.331077  4725 solver.cpp:229] Iteration 240, loss = 0.12581
I0109 14:52:09.331145  4725 solver.cpp:245]     Train net output #0: bbox_loss = 0.0444077 (* 1 = 0.0444077 loss)
I0109 14:52:09.331154  4725 solver.cpp:245]     Train net output #1: cls_loss = 0.0396893 (* 1 = 0.0396893 loss)
I0109 14:52:09.331164  4725 solver.cpp:245]     Train net output #2: rpn_cls_loss = 0.057307 (* 1 = 0.057307 loss)
I0109 14:52:09.331171  4725 solver.cpp:245]     Train net output #3: rpn_loss_bbox = 0.000559351 (* 1 = 0.000559351 loss)
I0109 14:52:09.331181  4725 sgd_solver.cpp:106] Iteration 240, lr = 0.001
I0109 14:52:16.421623  4725 solver.cpp:229] Iteration 260, loss = 0.100284
I0109 14:52:16.421692  4725 solver.cpp:245]     Train net output #0: bbox_loss = 0.0493996 (* 1 = 0.0493996 loss)
I0109 14:52:16.421703  4725 solver.cpp:245]     Train net output #1: cls_loss = 0.0106661 (* 1 = 0.0106661 loss)
I0109 14:52:16.421710  4725 solver.cpp:245]     Train net output #2: rpn_cls_loss = 0.00587723 (* 1 = 0.00587723 loss)
I0109 14:52:16.421730  4725 solver.cpp:245]     Train net output #3: rpn_loss_bbox = 0.000226959 (* 1 = 0.000226959 loss)
I0109 14:52:16.421754  4725 sgd_solver.cpp:106] Iteration 260, lr = 0.001
I0109 14:52:23.546931  4725 solver.cpp:229] Iteration 280, loss = 0.181276
I0109 14:52:23.547003  4725 solver.cpp:245]     Train net output #0: bbox_loss = 0.079893 (* 1 = 0.079893 loss)
I0109 14:52:23.547013  4725 solver.cpp:245]     Train net output #1: cls_loss = 0.0677538 (* 1 = 0.0677538 loss)
I0109 14:52:23.547045  4725 solver.cpp:245]     Train net output #2: rpn_cls_loss = 0.0322179 (* 1 = 0.0322179 loss)
I0109 14:52:23.547092  4725 solver.cpp:245]     Train net output #3: rpn_loss_bbox = 0.0316391 (* 1 = 0.0316391 loss)
I0109 14:52:23.547116  4725 sgd_solver.cpp:106] Iteration 280, lr = 0.001
I0109 14:52:30.476800  4725 solver.cpp:229] Iteration 300, loss = 0.0908211
I0109 14:52:30.476881  4725 solver.cpp:245]     Train net output #0: bbox_loss = 0.0357524 (* 1 = 0.0357524 loss)
I0109 14:52:30.476893  4725 solver.cpp:245]     Train net output #1: cls_loss = 0.0269001 (* 1 = 0.0269001 loss)
I0109 14:52:30.476898  4725 solver.cpp:245]     Train net output #2: rpn_cls_loss = 0.0145987 (* 1 = 0.0145987 loss)
I0109 14:52:30.476909  4725 solver.cpp:245]     Train net output #3: rpn_loss_bbox = 0.00304751 (* 1 = 0.00304751 loss)
I0109 14:52:30.476917  4725 sgd_solver.cpp:106] Iteration 300, lr = 0.001
I0109 14:52:37.470127  4725 solver.cpp:229] Iteration 320, loss = 0.0903694
I0109 14:52:37.470203  4725 solver.cpp:245]     Train net output #0: bbox_loss = 0.0575491 (* 1 = 0.0575491 loss)
I0109 14:52:37.470214  4725 solver.cpp:245]     Train net output #1: cls_loss = 0.002776 (* 1 = 0.002776 loss)
I0109 14:52:37.470224  4725 solver.cpp:245]     Train net output #2: rpn_cls_loss = 0.00217979 (* 1 = 0.00217979 loss)
I0109 14:52:37.470230  4725 solver.cpp:245]     Train net output #3: rpn_loss_bbox = 0.00134323 (* 1 = 0.00134323 loss)
I0109 14:52:37.470240  4725 sgd_solver.cpp:106] Iteration 320, lr = 0.001
I0109 14:52:47.333526  4725 solver.cpp:229] Iteration 340, loss = 0.0784071
I0109 14:52:47.333597  4725 solver.cpp:245]     Train net output #0: bbox_loss = 0.0575339 (* 1 = 0.0575339 loss)
I0109 14:52:47.333608  4725 solver.cpp:245]     Train net output #1: cls_loss = 0.0302325 (* 1 = 0.0302325 loss)
I0109 14:52:47.333657  4725 solver.cpp:245]     Train net output #2: rpn_cls_loss = 0.00704896 (* 1 = 0.00704896 loss)
I0109 14:52:47.333688  4725 solver.cpp:245]     Train net output #3: rpn_loss_bbox = 0.00153303 (* 1 = 0.00153303 loss)
I0109 14:52:47.333729  4725 sgd_solver.cpp:106] Iteration 340, lr = 0.001
I0109 14:52:59.408232  4725 solver.cpp:229] Iteration 360, loss = 0.0988212
I0109 14:52:59.408316  4725 solver.cpp:245]     Train net output #0: bbox_loss = 0.0248809 (* 1 = 0.0248809 loss)
I0109 14:52:59.408351  4725 solver.cpp:245]     Train net output #1: cls_loss = 0.111357 (* 1 = 0.111357 loss)
I0109 14:52:59.408370  4725 solver.cpp:245]     Train net output #2: rpn_cls_loss = 0.00515461 (* 1 = 0.00515461 loss)
I0109 14:52:59.408382  4725 solver.cpp:245]     Train net output #3: rpn_loss_bbox = 0.000232633 (* 1 = 0.000232633 loss)
I0109 14:52:59.408397  4725 sgd_solver.cpp:106] Iteration 360, lr = 0.001
I0109 14:53:09.052300  4725 solver.cpp:229] Iteration 380, loss = 0.120203
I0109 14:53:09.052369  4725 solver.cpp:245]     Train net output #0: bbox_loss = 0.114483 (* 1 = 0.114483 loss)
I0109 14:53:09.052381  4725 solver.cpp:245]     Train net output #1: cls_loss = 0.0220657 (* 1 = 0.0220657 loss)
I0109 14:53:09.052414  4725 solver.cpp:245]     Train net output #2: rpn_cls_loss = 0.0253883 (* 1 = 0.0253883 loss)
I0109 14:53:09.052446  4725 solver.cpp:245]     Train net output #3: rpn_loss_bbox = 0.00894886 (* 1 = 0.00894886 loss)
I0109 14:53:09.052489  4725 sgd_solver.cpp:106] Iteration 380, lr = 0.001
speed: 0.380s / iter
I0109 14:53:16.129667  4725 solver.cpp:229] Iteration 400, loss = 0.0814719
I0109 14:53:16.129737  4725 solver.cpp:245]     Train net output #0: bbox_loss = 0.0435127 (* 1 = 0.0435127 loss)
I0109 14:53:16.129748  4725 solver.cpp:245]     Train net output #1: cls_loss = 0.0221909 (* 1 = 0.0221909 loss)
I0109 14:53:16.129755  4725 solver.cpp:245]     Train net output #2: rpn_cls_loss = 0.0184719 (* 1 = 0.0184719 loss)
I0109 14:53:16.129773  4725 solver.cpp:245]     Train net output #3: rpn_loss_bbox = 0.00191258 (* 1 = 0.00191258 loss)
I0109 14:53:16.129794  4725 sgd_solver.cpp:106] Iteration 400, lr = 0.001
I0109 14:53:23.301229  4725 solver.cpp:229] Iteration 420, loss = 0.323435
I0109 14:53:23.301312  4725 solver.cpp:245]     Train net output #0: bbox_loss = 0.0752911 (* 1 = 0.0752911 loss)
I0109 14:53:23.301342  4725 solver.cpp:245]     Train net output #1: cls_loss = 0.00387909 (* 1 = 0.00387909 loss)
I0109 14:53:23.301368  4725 solver.cpp:245]     Train net output #2: rpn_cls_loss = 0.00301009 (* 1 = 0.00301009 loss)
I0109 14:53:23.301416  4725 solver.cpp:245]     Train net output #3: rpn_loss_bbox = 0.00322946 (* 1 = 0.00322946 loss)
I0109 14:53:23.301446  4725 sgd_solver.cpp:106] Iteration 420, lr = 0.001
I0109 14:53:30.422925  4725 solver.cpp:229] Iteration 440, loss = 0.0988147
I0109 14:53:30.423012  4725 solver.cpp:245]     Train net output #0: bbox_loss = 0.0548848 (* 1 = 0.0548848 loss)
I0109 14:53:30.423043  4725 solver.cpp:245]     Train net output #1: cls_loss = 0.0213264 (* 1 = 0.0213264 loss)
I0109 14:53:30.423094  4725 solver.cpp:245]     Train net output #2: rpn_cls_loss = 0.00455836 (* 1 = 0.00455836 loss)
I0109 14:53:30.423131  4725 solver.cpp:245]     Train net output #3: rpn_loss_bbox = 0.000575692 (* 1 = 0.000575692 loss)
I0109 14:53:30.423157  4725 sgd_solver.cpp:106] Iteration 440, lr = 0.001
I0109 14:53:37.570291  4725 solver.cpp:229] Iteration 460, loss = 0.110122
I0109 14:53:37.570384  4725 solver.cpp:245]     Train net output #0: bbox_loss = 0.0555525 (* 1 = 0.0555525 loss)
I0109 14:53:37.570422  4725 solver.cpp:245]     Train net output #1: cls_loss = 0.0279256 (* 1 = 0.0279256 loss)
I0109 14:53:37.570451  4725 solver.cpp:245]     Train net output #2: rpn_cls_loss = 0.0148441 (* 1 = 0.0148441 loss)
I0109 14:53:37.570482  4725 solver.cpp:245]     Train net output #3: rpn_loss_bbox = 0.0219904 (* 1 = 0.0219904 loss)
I0109 14:53:37.570524  4725 sgd_solver.cpp:106] Iteration 460, lr = 0.001
I0109 14:53:44.628995  4725 solver.cpp:229] Iteration 480, loss = 0.0911263
I0109 14:53:44.629060  4725 solver.cpp:245]     Train net output #0: bbox_loss = 0.0486052 (* 1 = 0.0486052 loss)
I0109 14:53:44.629071  4725 solver.cpp:245]     Train net output #1: cls_loss = 0.0204539 (* 1 = 0.0204539 loss)
I0109 14:53:44.629103  4725 solver.cpp:245]     Train net output #2: rpn_cls_loss = 0.0275749 (* 1 = 0.0275749 loss)
I0109 14:53:44.629148  4725 solver.cpp:245]     Train net output #3: rpn_loss_bbox = 0.00628659 (* 1 = 0.00628659 loss)
I0109 14:53:44.629168  4725 sgd_solver.cpp:106] Iteration 480, lr = 0.001
I0109 14:53:51.601825  4725 solver.cpp:229] Iteration 500, loss = 0.12281
I0109 14:53:51.601892  4725 solver.cpp:245]     Train net output #0: bbox_loss = 0.0463552 (* 1 = 0.0463552 loss)
I0109 14:53:51.601902  4725 solver.cpp:245]     Train net output #1: cls_loss = 0.0173517 (* 1 = 0.0173517 loss)
I0109 14:53:51.601935  4725 solver.cpp:245]     Train net output #2: rpn_cls_loss = 0.0180486 (* 1 = 0.0180486 loss)
I0109 14:53:51.601969  4725 solver.cpp:245]     Train net output #3: rpn_loss_bbox = 0.00708028 (* 1 = 0.00708028 loss)
I0109 14:53:51.601999  4725 sgd_solver.cpp:106] Iteration 500, lr = 0.001
I0109 14:53:58.596149  4725 solver.cpp:229] Iteration 520, loss = 0.0962128
I0109 14:53:58.596237  4725 solver.cpp:245]     Train net output #0: bbox_loss = 0.0688882 (* 1 = 0.0688882 loss)
I0109 14:53:58.596277  4725 solver.cpp:245]     Train net output #1: cls_loss = 0.038122 (* 1 = 0.038122 loss)
I0109 14:53:58.596303  4725 solver.cpp:245]     Train net output #2: rpn_cls_loss = 0.0116798 (* 1 = 0.0116798 loss)
I0109 14:53:58.596351  4725 solver.cpp:245]     Train net output #3: rpn_loss_bbox = 0.000271236 (* 1 = 0.000271236 loss)
I0109 14:53:58.596375  4725 sgd_solver.cpp:106] Iteration 520, lr = 0.001
I0109 14:54:05.873335  4725 solver.cpp:229] Iteration 540, loss = 0.0778585
I0109 14:54:05.873399  4725 solver.cpp:245]     Train net output #0: bbox_loss = 0.0249182 (* 1 = 0.0249182 loss)
I0109 14:54:05.873437  4725 solver.cpp:245]     Train net output #1: cls_loss = 0.0331806 (* 1 = 0.0331806 loss)
I0109 14:54:05.873484  4725 solver.cpp:245]     Train net output #2: rpn_cls_loss = 0.000910366 (* 1 = 0.000910366 loss)
I0109 14:54:05.873507  4725 solver.cpp:245]     Train net output #3: rpn_loss_bbox = 0.000326702 (* 1 = 0.000326702 loss)
I0109 14:54:05.873540  4725 sgd_solver.cpp:106] Iteration 540, lr = 0.001
I0109 14:54:12.962509  4725 solver.cpp:229] Iteration 560, loss = 0.0570943
I0109 14:54:12.962596  4725 solver.cpp:245]     Train net output #0: bbox_loss = 0.0602636 (* 1 = 0.0602636 loss)
I0109 14:54:12.962627  4725 solver.cpp:245]     Train net output #1: cls_loss = 0.0086455 (* 1 = 0.0086455 loss)
I0109 14:54:12.962654  4725 solver.cpp:245]     Train net output #2: rpn_cls_loss = 0.00325928 (* 1 = 0.00325928 loss)
I0109 14:54:12.962687  4725 solver.cpp:245]     Train net output #3: rpn_loss_bbox = 0.000653988 (* 1 = 0.000653988 loss)
I0109 14:54:12.962728  4725 sgd_solver.cpp:106] Iteration 560, lr = 0.001
I0109 14:54:20.074686  4725 solver.cpp:229] Iteration 580, loss = 0.391389
I0109 14:54:20.074755  4725 solver.cpp:245]     Train net output #0: bbox_loss = 0.0472348 (* 1 = 0.0472348 loss)
I0109 14:54:20.074766  4725 solver.cpp:245]     Train net output #1: cls_loss = 0.0146724 (* 1 = 0.0146724 loss)
I0109 14:54:20.074790  4725 solver.cpp:245]     Train net output #2: rpn_cls_loss = 0.0224079 (* 1 = 0.0224079 loss)
I0109 14:54:20.074810  4725 solver.cpp:245]     Train net output #3: rpn_loss_bbox = 0.013595 (* 1 = 0.013595 loss)
I0109 14:54:20.074836  4725 sgd_solver.cpp:106] Iteration 580, lr = 0.001
speed: 0.372s / iter
I0109 14:54:27.292613  4725 solver.cpp:229] Iteration 600, loss = 0.0750456
I0109 14:54:27.292680  4725 solver.cpp:245]     Train net output #0: bbox_loss = 0.0456448 (* 1 = 0.0456448 loss)
I0109 14:54:27.292690  4725 solver.cpp:245]     Train net output #1: cls_loss = 0.00905238 (* 1 = 0.00905238 loss)
I0109 14:54:27.292734  4725 solver.cpp:245]     Train net output #2: rpn_cls_loss = 0.00469963 (* 1 = 0.00469963 loss)
I0109 14:54:27.292770  4725 solver.cpp:245]     Train net output #3: rpn_loss_bbox = 0.00166054 (* 1 = 0.00166054 loss)
I0109 14:54:27.292783  4725 sgd_solver.cpp:106] Iteration 600, lr = 0.001
I0109 14:54:34.298802  4725 solver.cpp:229] Iteration 620, loss = 0.132253
I0109 14:54:34.298871  4725 solver.cpp:245]     Train net output #0: bbox_loss = 0.0589956 (* 1 = 0.0589956 loss)
I0109 14:54:34.298882  4725 solver.cpp:245]     Train net output #1: cls_loss = 0.00489047 (* 1 = 0.00489047 loss)
I0109 14:54:34.298933  4725 solver.cpp:245]     Train net output #2: rpn_cls_loss = 0.00176977 (* 1 = 0.00176977 loss)
I0109 14:54:34.298969  4725 solver.cpp:245]     Train net output #3: rpn_loss_bbox = 0.00170723 (* 1 = 0.00170723 loss)
I0109 14:54:34.298982  4725 sgd_solver.cpp:106] Iteration 620, lr = 0.001
I0109 14:54:41.363497  4725 solver.cpp:229] Iteration 640, loss = 0.148294
I0109 14:54:41.363620  4725 solver.cpp:245]     Train net output #0: bbox_loss = 0.0891987 (* 1 = 0.0891987 loss)
I0109 14:54:41.363656  4725 solver.cpp:245]     Train net output #1: cls_loss = 0.0687829 (* 1 = 0.0687829 loss)
I0109 14:54:41.363688  4725 solver.cpp:245]     Train net output #2: rpn_cls_loss = 0.0211313 (* 1 = 0.0211313 loss)
I0109 14:54:41.363718  4725 solver.cpp:245]     Train net output #3: rpn_loss_bbox = 0.0065676 (* 1 = 0.0065676 loss)
I0109 14:54:41.363749  4725 sgd_solver.cpp:106] Iteration 640, lr = 0.001
I0109 14:54:48.571043  4725 solver.cpp:229] Iteration 660, loss = 0.293736
I0109 14:54:48.571112  4725 solver.cpp:245]     Train net output #0: bbox_loss = 0.188505 (* 1 = 0.188505 loss)
I0109 14:54:48.571125  4725 solver.cpp:245]     Train net output #1: cls_loss = 0.0671331 (* 1 = 0.0671331 loss)
I0109 14:54:48.571156  4725 solver.cpp:245]     Train net output #2: rpn_cls_loss = 0.164168 (* 1 = 0.164168 loss)
I0109 14:54:48.571202  4725 solver.cpp:245]     Train net output #3: rpn_loss_bbox = 0.0589949 (* 1 = 0.0589949 loss)
I0109 14:54:48.571220  4725 sgd_solver.cpp:106] Iteration 660, lr = 0.001
I0109 14:54:55.790789  4725 solver.cpp:229] Iteration 680, loss = 0.187342
I0109 14:54:55.790875  4725 solver.cpp:245]     Train net output #0: bbox_loss = 0.0539888 (* 1 = 0.0539888 loss)
I0109 14:54:55.790920  4725 solver.cpp:245]     Train net output #1: cls_loss = 0.00925593 (* 1 = 0.00925593 loss)
I0109 14:54:55.790961  4725 solver.cpp:245]     Train net output #2: rpn_cls_loss = 0.0156732 (* 1 = 0.0156732 loss)
I0109 14:54:55.790992  4725 solver.cpp:245]     Train net output #3: rpn_loss_bbox = 0.00011933 (* 1 = 0.00011933 loss)
I0109 14:54:55.791007  4725 sgd_solver.cpp:106] Iteration 680, lr = 0.001
I0109 14:55:02.995244  4725 solver.cpp:229] Iteration 700, loss = 0.0862358
I0109 14:55:02.995313  4725 solver.cpp:245]     Train net output #0: bbox_loss = 0.0511286 (* 1 = 0.0511286 loss)
I0109 14:55:02.995324  4725 solver.cpp:245]     Train net output #1: cls_loss = 0.0216959 (* 1 = 0.0216959 loss)
I0109 14:55:02.995331  4725 solver.cpp:245]     Train net output #2: rpn_cls_loss = 0.00639873 (* 1 = 0.00639873 loss)
I0109 14:55:02.995339  4725 solver.cpp:245]     Train net output #3: rpn_loss_bbox = 0.00312902 (* 1 = 0.00312902 loss)
I0109 14:55:02.995347  4725 sgd_solver.cpp:106] Iteration 700, lr = 0.001
I0109 14:55:10.178470  4725 solver.cpp:229] Iteration 720, loss = 0.127677
I0109 14:55:10.178539  4725 solver.cpp:245]     Train net output #0: bbox_loss = 0.0798569 (* 1 = 0.0798569 loss)
I0109 14:55:10.178548  4725 solver.cpp:245]     Train net output #1: cls_loss = 0.0289744 (* 1 = 0.0289744 loss)
I0109 14:55:10.178583  4725 solver.cpp:245]     Train net output #2: rpn_cls_loss = 0.00830126 (* 1 = 0.00830126 loss)
I0109 14:55:10.178627  4725 solver.cpp:245]     Train net output #3: rpn_loss_bbox = 0.0241577 (* 1 = 0.0241577 loss)
I0109 14:55:10.178650  4725 sgd_solver.cpp:106] Iteration 720, lr = 0.001
I0109 14:55:17.243387  4725 solver.cpp:229] Iteration 740, loss = 0.111671
I0109 14:55:17.243465  4725 solver.cpp:245]     Train net output #0: bbox_loss = 0.0608787 (* 1 = 0.0608787 loss)
I0109 14:55:17.243476  4725 solver.cpp:245]     Train net output #1: cls_loss = 0.0176272 (* 1 = 0.0176272 loss)
I0109 14:55:17.243508  4725 solver.cpp:245]     Train net output #2: rpn_cls_loss = 0.00268845 (* 1 = 0.00268845 loss)
I0109 14:55:17.243579  4725 solver.cpp:245]     Train net output #3: rpn_loss_bbox = 0.00103615 (* 1 = 0.00103615 loss)
I0109 14:55:17.243607  4725 sgd_solver.cpp:106] Iteration 740, lr = 0.001
I0109 14:55:24.397189  4725 solver.cpp:229] Iteration 760, loss = 0.0989956
I0109 14:55:24.397274  4725 solver.cpp:245]     Train net output #0: bbox_loss = 0.0548589 (* 1 = 0.0548589 loss)
I0109 14:55:24.397316  4725 solver.cpp:245]     Train net output #1: cls_loss = 0.0366744 (* 1 = 0.0366744 loss)
I0109 14:55:24.397358  4725 solver.cpp:245]     Train net output #2: rpn_cls_loss = 0.0147389 (* 1 = 0.0147389 loss)
I0109 14:55:24.397368  4725 solver.cpp:245]     Train net output #3: rpn_loss_bbox = 0.00504932 (* 1 = 0.00504932 loss)
I0109 14:55:24.397377  4725 sgd_solver.cpp:106] Iteration 760, lr = 0.001
I0109 14:55:31.626396  4725 solver.cpp:229] Iteration 780, loss = 0.0642369
I0109 14:55:31.626466  4725 solver.cpp:245]     Train net output #0: bbox_loss = 0.0599425 (* 1 = 0.0599425 loss)
I0109 14:55:31.626477  4725 solver.cpp:245]     Train net output #1: cls_loss = 0.0209129 (* 1 = 0.0209129 loss)
I0109 14:55:31.626512  4725 solver.cpp:245]     Train net output #2: rpn_cls_loss = 0.00398268 (* 1 = 0.00398268 loss)
I0109 14:55:31.626556  4725 solver.cpp:245]     Train net output #3: rpn_loss_bbox = 0.00219088 (* 1 = 0.00219088 loss)
I0109 14:55:31.626577  4725 sgd_solver.cpp:106] Iteration 780, lr = 0.001
speed: 0.368s / iter
I0109 14:55:38.922207  4725 solver.cpp:229] Iteration 800, loss = 0.17948
I0109 14:55:38.922291  4725 solver.cpp:245]     Train net output #0: bbox_loss = 0.0374334 (* 1 = 0.0374334 loss)
I0109 14:55:38.922324  4725 solver.cpp:245]     Train net output #1: cls_loss = 0.0480049 (* 1 = 0.0480049 loss)
I0109 14:55:38.922343  4725 solver.cpp:245]     Train net output #2: rpn_cls_loss = 0.0244916 (* 1 = 0.0244916 loss)
I0109 14:55:38.922358  4725 solver.cpp:245]     Train net output #3: rpn_loss_bbox = 0.00121117 (* 1 = 0.00121117 loss)
I0109 14:55:38.922374  4725 sgd_solver.cpp:106] Iteration 800, lr = 0.001
I0109 14:55:45.982668  4725 solver.cpp:229] Iteration 820, loss = 0.138291
I0109 14:55:45.982750  4725 solver.cpp:245]     Train net output #0: bbox_loss = 0.0218799 (* 1 = 0.0218799 loss)
I0109 14:55:45.982800  4725 solver.cpp:245]     Train net output #1: cls_loss = 0.0133725 (* 1 = 0.0133725 loss)
I0109 14:55:45.982853  4725 solver.cpp:245]     Train net output #2: rpn_cls_loss = 0.0233042 (* 1 = 0.0233042 loss)
I0109 14:55:45.982888  4725 solver.cpp:245]     Train net output #3: rpn_loss_bbox = 0.0324487 (* 1 = 0.0324487 loss)
I0109 14:55:45.982916  4725 sgd_solver.cpp:106] Iteration 820, lr = 0.001
I0109 14:55:53.047503  4725 solver.cpp:229] Iteration 840, loss = 0.0913393
I0109 14:55:53.047632  4725 solver.cpp:245]     Train net output #0: bbox_loss = 0.0429249 (* 1 = 0.0429249 loss)
I0109 14:55:53.047683  4725 solver.cpp:245]     Train net output #1: cls_loss = 0.0267091 (* 1 = 0.0267091 loss)
I0109 14:55:53.047714  4725 solver.cpp:245]     Train net output #2: rpn_cls_loss = 0.00595281 (* 1 = 0.00595281 loss)
I0109 14:55:53.047844  4725 solver.cpp:245]     Train net output #3: rpn_loss_bbox = 0.00200511 (* 1 = 0.00200511 loss)
I0109 14:55:53.047899  4725 sgd_solver.cpp:106] Iteration 840, lr = 0.001
I0109 14:56:00.043964  4725 solver.cpp:229] Iteration 860, loss = 0.0837726
I0109 14:56:00.044035  4725 solver.cpp:245]     Train net output #0: bbox_loss = 0.0541335 (* 1 = 0.0541335 loss)
I0109 14:56:00.044045  4725 solver.cpp:245]     Train net output #1: cls_loss = 0.0269192 (* 1 = 0.0269192 loss)
I0109 14:56:00.044078  4725 solver.cpp:245]     Train net output #2: rpn_cls_loss = 0.00139911 (* 1 = 0.00139911 loss)
I0109 14:56:00.044126  4725 solver.cpp:245]     Train net output #3: rpn_loss_bbox = 0.0012524 (* 1 = 0.0012524 loss)
I0109 14:56:00.044158  4725 sgd_solver.cpp:106] Iteration 860, lr = 0.001
I0109 14:56:07.213472  4725 solver.cpp:229] Iteration 880, loss = 0.0774889
I0109 14:56:07.213539  4725 solver.cpp:245]     Train net output #0: bbox_loss = 0.0621546 (* 1 = 0.0621546 loss)
I0109 14:56:07.213551  4725 solver.cpp:245]     Train net output #1: cls_loss = 0.0176899 (* 1 = 0.0176899 loss)
I0109 14:56:07.213584  4725 solver.cpp:245]     Train net output #2: rpn_cls_loss = 0.00176268 (* 1 = 0.00176268 loss)
I0109 14:56:07.213631  4725 solver.cpp:245]     Train net output #3: rpn_loss_bbox = 0.00121458 (* 1 = 0.00121458 loss)
I0109 14:56:07.213654  4725 sgd_solver.cpp:106] Iteration 880, lr = 0.001
I0109 14:56:14.365908  4725 solver.cpp:229] Iteration 900, loss = 0.111177
I0109 14:56:14.365974  4725 solver.cpp:245]     Train net output #0: bbox_loss = 0.0319739 (* 1 = 0.0319739 loss)
I0109 14:56:14.365985  4725 solver.cpp:245]     Train net output #1: cls_loss = 0.015117 (* 1 = 0.015117 loss)
I0109 14:56:14.366017  4725 solver.cpp:245]     Train net output #2: rpn_cls_loss = 0.0616799 (* 1 = 0.0616799 loss)
I0109 14:56:14.366065  4725 solver.cpp:245]     Train net output #3: rpn_loss_bbox = 0.00917042 (* 1 = 0.00917042 loss)
I0109 14:56:14.366097  4725 sgd_solver.cpp:106] Iteration 900, lr = 0.001
I0109 14:56:21.563153  4725 solver.cpp:229] Iteration 920, loss = 0.119391
I0109 14:56:21.563237  4725 solver.cpp:245]     Train net output #0: bbox_loss = 0.0756849 (* 1 = 0.0756849 loss)
I0109 14:56:21.563282  4725 solver.cpp:245]     Train net output #1: cls_loss = 0.00416589 (* 1 = 0.00416589 loss)
I0109 14:56:21.563330  4725 solver.cpp:245]     Train net output #2: rpn_cls_loss = 0.00475443 (* 1 = 0.00475443 loss)
I0109 14:56:21.563381  4725 solver.cpp:245]     Train net output #3: rpn_loss_bbox = 0.000307425 (* 1 = 0.000307425 loss)
I0109 14:56:21.563416  4725 sgd_solver.cpp:106] Iteration 920, lr = 0.001
I0109 14:56:28.719353  4725 solver.cpp:229] Iteration 940, loss = 0.335418
I0109 14:56:28.719429  4725 solver.cpp:245]     Train net output #0: bbox_loss = 0.186178 (* 1 = 0.186178 loss)
I0109 14:56:28.719439  4725 solver.cpp:245]     Train net output #1: cls_loss = 0.208927 (* 1 = 0.208927 loss)
I0109 14:56:28.719450  4725 solver.cpp:245]     Train net output #2: rpn_cls_loss = 0.161013 (* 1 = 0.161013 loss)
I0109 14:56:28.719456  4725 solver.cpp:245]     Train net output #3: rpn_loss_bbox = 0.0220795 (* 1 = 0.0220795 loss)
I0109 14:56:28.719465  4725 sgd_solver.cpp:106] Iteration 940, lr = 0.001
I0109 14:56:35.869038  4725 solver.cpp:229] Iteration 960, loss = 0.140287
I0109 14:56:35.869109  4725 solver.cpp:245]     Train net output #0: bbox_loss = 0.0549322 (* 1 = 0.0549322 loss)
I0109 14:56:35.869120  4725 solver.cpp:245]     Train net output #1: cls_loss = 0.0593118 (* 1 = 0.0593118 loss)
I0109 14:56:35.869127  4725 solver.cpp:245]     Train net output #2: rpn_cls_loss = 0.0120882 (* 1 = 0.0120882 loss)
I0109 14:56:35.869146  4725 solver.cpp:245]     Train net output #3: rpn_loss_bbox = 0.00268802 (* 1 = 0.00268802 loss)
I0109 14:56:35.869168  4725 sgd_solver.cpp:106] Iteration 960, lr = 0.001
I0109 14:56:42.916301  4725 solver.cpp:229] Iteration 980, loss = 0.0885252
I0109 14:56:42.916370  4725 solver.cpp:245]     Train net output #0: bbox_loss = 0.026116 (* 1 = 0.026116 loss)
I0109 14:56:42.916381  4725 solver.cpp:245]     Train net output #1: cls_loss = 0.00361844 (* 1 = 0.00361844 loss)
I0109 14:56:42.916388  4725 solver.cpp:245]     Train net output #2: rpn_cls_loss = 0.0121762 (* 1 = 0.0121762 loss)
I0109 14:56:42.916398  4725 solver.cpp:245]     Train net output #3: rpn_loss_bbox = 0.0128271 (* 1 = 0.0128271 loss)
I0109 14:56:42.916404  4725 sgd_solver.cpp:106] Iteration 980, lr = 0.001
speed: 0.366s / iter
Wrote snapshot to: /home/ubuntu/py-faster-rcnn/output/faster_rcnn_end2end/train/basketballDet_iter_1000.caffemodel
done solving
